
=== Tue Jun 21 15:33:24 2022

Packages were changed.
Update Mode: mergeDefaultDependencies

The following packages were added:
  com.unity.collab-proxy@1.5.7
  com.unity.ide.visualstudio@2.0.8
  com.unity.modules.ai@1.0.0
  com.unity.modules.cloth@1.0.0
  com.unity.modules.director@1.0.0
  com.unity.modules.physics@1.0.0
  com.unity.modules.terrain@1.0.0
  com.unity.modules.terrainphysics@1.0.0
  com.unity.modules.umbra@1.0.0
  com.unity.modules.vehicles@1.0.0
  com.unity.modules.vr@1.0.0
  com.unity.modules.wind@1.0.0
  com.unity.modules.xr@1.0.0
  com.unity.timeline@1.4.8
The following packages were updated:
  com.unity.2d.animation from version 3.2.6 to 5.0.5
  com.unity.2d.pixel-perfect from version 2.0.4 to 4.0.1
  com.unity.2d.psdimporter from version 2.1.6 to 4.0.2
  com.unity.2d.spriteshape from version 3.0.14 to 5.1.2
  com.unity.ide.rider from version 1.1.4 to 2.0.7
  com.unity.mobile.android-logcat from version 1.2.0 to 1.2.2
  com.unity.mobile.notifications from version 1.0.3 to 1.3.2
  com.unity.test-framework from version 1.1.20 to 1.1.24
  com.unity.textmeshpro from version 2.1.3 to 3.0.6

=== Fri Aug  5 19:00:38 2022

Packages were changed.
Update Mode: updateDependencies

The following packages were updated:
  com.unity.2d.animation from version 5.0.5 to 8.0.1
  com.unity.2d.pixel-perfect from version 4.0.1 to 5.0.1
  com.unity.2d.psdimporter from version 4.0.2 to 7.0.0
  com.unity.2d.spriteshape from version 5.1.2 to 8.0.0
  com.unity.collab-proxy from version 1.5.7 to 1.15.16
  com.unity.ide.rider from version 2.0.7 to 3.0.13
  com.unity.ide.visualstudio from version 2.0.8 to 2.0.14
  com.unity.ide.vscode from version 1.2.3 to 1.2.5
  com.unity.mobile.android-logcat from version 1.2.2 to 1.2.3
  com.unity.mobile.notifications from version 1.3.2 to 2.0.0
  com.unity.test-framework from version 1.1.24 to 1.1.31
  com.unity.timeline from version 1.4.8 to 1.7.1

=== Fri Nov 18 16:49:52 2022

Packages were changed.
Update Mode: updateDependencies

The following packages were updated:
  com.unity.collab-proxy from version 1.15.16 to 1.17.2
  com.unity.ide.rider from version 3.0.13 to 3.0.15
  com.unity.ide.visualstudio from version 2.0.14 to 2.0.16
  com.unity.mobile.android-logcat from version 1.2.3 to 1.3.2
  com.unity.mobile.notifications from version 2.0.0 to 2.0.2

=== Fri Nov 18 18:12:22 2022

Packages were changed.
Update Mode: resetToDefaultDependencies

The following packages were added:
  com.unity.visualscripting@1.7.8
The following packages were updated:
  com.unity.collab-proxy from version 1.17.7 to 1.17.2
  com.unity.test-framework from version 1.3.0 to 1.1.31
  com.unity.timeline from version 1.7.1 to 1.6.4
The following packages were removed:
  com.unity.2d.animation@8.0.1
  com.unity.2d.pixel-perfect@5.0.3
  com.unity.2d.psdimporter@7.0.0
  com.unity.2d.sprite@1.0.0
  com.unity.2d.spriteshape@8.0.0
  com.unity.2d.tilemap@1.0.0
  com.unity.mobile.android-logcat@1.3.2
  com.unity.mobile.notifications@2.0.2
